<?xml version="1.0" encoding="UTF-8"?>
<testsuite name="teamproject.gunha.GunhaApplicationTests" tests="1" skipped="0" failures="0" errors="0" timestamp="2023-08-22T03:50:24" hostname="HOYA" time="0.439">
  <properties/>
  <testcase name="contextLoads()" classname="teamproject.gunha.GunhaApplicationTests" time="0.439"/>
  <system-out><![CDATA[12:50:19.636 [Test worker] DEBUG org.springframework.test.context.BootstrapUtils - Instantiating CacheAwareContextLoaderDelegate from class [org.springframework.test.context.cache.DefaultCacheAwareContextLoaderDelegate]
12:50:19.653 [Test worker] DEBUG org.springframework.test.context.BootstrapUtils - Instantiating BootstrapContext using constructor [public org.springframework.test.context.support.DefaultBootstrapContext(java.lang.Class,org.springframework.test.context.CacheAwareContextLoaderDelegate)]
12:50:19.746 [Test worker] DEBUG org.springframework.test.context.BootstrapUtils - Instantiating TestContextBootstrapper for test class [teamproject.gunha.GunhaApplicationTests] from class [org.springframework.boot.test.context.SpringBootTestContextBootstrapper]
12:50:19.771 [Test worker] INFO org.springframework.boot.test.context.SpringBootTestContextBootstrapper - Neither @ContextConfiguration nor @ContextHierarchy found for test class [teamproject.gunha.GunhaApplicationTests], using SpringBootContextLoader
12:50:19.778 [Test worker] DEBUG org.springframework.test.context.support.AbstractContextLoader - Did not detect default resource location for test class [teamproject.gunha.GunhaApplicationTests]: class path resource [teamproject/gunha/GunhaApplicationTests-context.xml] does not exist
12:50:19.779 [Test worker] DEBUG org.springframework.test.context.support.AbstractContextLoader - Did not detect default resource location for test class [teamproject.gunha.GunhaApplicationTests]: class path resource [teamproject/gunha/GunhaApplicationTestsContext.groovy] does not exist
12:50:19.779 [Test worker] INFO org.springframework.test.context.support.AbstractContextLoader - Could not detect default resource locations for test class [teamproject.gunha.GunhaApplicationTests]: no resource found for suffixes {-context.xml, Context.groovy}.
12:50:19.780 [Test worker] INFO org.springframework.test.context.support.AnnotationConfigContextLoaderUtils - Could not detect default configuration classes for test class [teamproject.gunha.GunhaApplicationTests]: GunhaApplicationTests does not declare any static, non-private, non-final, nested classes annotated with @Configuration.
12:50:19.832 [Test worker] DEBUG org.springframework.test.context.support.ActiveProfilesUtils - Could not find an 'annotation declaring class' for annotation type [org.springframework.test.context.ActiveProfiles] and class [teamproject.gunha.GunhaApplicationTests]
12:50:19.913 [Test worker] DEBUG org.springframework.context.annotation.ClassPathScanningCandidateComponentProvider - Identified candidate component class: file [C:\utility\OTT\build\classes\java\main\teamproject\gunha\GunhaApplication.class]
12:50:19.928 [Test worker] INFO org.springframework.boot.test.context.SpringBootTestContextBootstrapper - Found @SpringBootConfiguration teamproject.gunha.GunhaApplication for test class teamproject.gunha.GunhaApplicationTests
12:50:20.067 [Test worker] DEBUG org.springframework.boot.test.context.SpringBootTestContextBootstrapper - @TestExecutionListeners is not present for class [teamproject.gunha.GunhaApplicationTests]: using defaults.
12:50:20.068 [Test worker] INFO org.springframework.boot.test.context.SpringBootTestContextBootstrapper - Loaded default TestExecutionListener class names from location [META-INF/spring.factories]: [org.springframework.boot.test.autoconfigure.restdocs.RestDocsTestExecutionListener, org.springframework.boot.test.autoconfigure.web.client.MockRestServiceServerResetTestExecutionListener, org.springframework.boot.test.autoconfigure.web.servlet.MockMvcPrintOnlyOnFailureTestExecutionListener, org.springframework.boot.test.autoconfigure.web.servlet.WebDriverTestExecutionListener, org.springframework.boot.test.autoconfigure.webservices.client.MockWebServiceServerTestExecutionListener, org.springframework.boot.test.mock.mockito.MockitoTestExecutionListener, org.springframework.boot.test.mock.mockito.ResetMocksTestExecutionListener, org.springframework.test.context.web.ServletTestExecutionListener, org.springframework.test.context.support.DirtiesContextBeforeModesTestExecutionListener, org.springframework.test.context.event.ApplicationEventsTestExecutionListener, org.springframework.test.context.support.DependencyInjectionTestExecutionListener, org.springframework.test.context.support.DirtiesContextTestExecutionListener, org.springframework.test.context.transaction.TransactionalTestExecutionListener, org.springframework.test.context.jdbc.SqlScriptsTestExecutionListener, org.springframework.test.context.event.EventPublishingTestExecutionListener]
12:50:20.088 [Test worker] INFO org.springframework.boot.test.context.SpringBootTestContextBootstrapper - Using TestExecutionListeners: [org.springframework.test.context.web.ServletTestExecutionListener@33a2499c, org.springframework.test.context.support.DirtiesContextBeforeModesTestExecutionListener@e72dba7, org.springframework.test.context.event.ApplicationEventsTestExecutionListener@33c2bd, org.springframework.boot.test.mock.mockito.MockitoTestExecutionListener@1dfd5f51, org.springframework.boot.test.autoconfigure.SpringBootDependencyInjectionTestExecutionListener@3c321bdb, org.springframework.test.context.support.DirtiesContextTestExecutionListener@24855019, org.springframework.test.context.transaction.TransactionalTestExecutionListener@3abd581e, org.springframework.test.context.jdbc.SqlScriptsTestExecutionListener@4d4d8fcf, org.springframework.test.context.event.EventPublishingTestExecutionListener@610db97e, org.springframework.boot.test.autoconfigure.restdocs.RestDocsTestExecutionListener@6f0628de, org.springframework.boot.test.autoconfigure.web.client.MockRestServiceServerResetTestExecutionListener@3fabf088, org.springframework.boot.test.autoconfigure.web.servlet.MockMvcPrintOnlyOnFailureTestExecutionListener@1e392345, org.springframework.boot.test.autoconfigure.web.servlet.WebDriverTestExecutionListener@12f3afb5, org.springframework.boot.test.autoconfigure.webservices.client.MockWebServiceServerTestExecutionListener@4ced35ed, org.springframework.boot.test.mock.mockito.ResetMocksTestExecutionListener@2c22a348]
12:50:20.093 [Test worker] DEBUG org.springframework.test.context.support.AbstractDirtiesContextTestExecutionListener - Before test class: context [DefaultTestContext@3a7704c testClass = GunhaApplicationTests, testInstance = [null], testMethod = [null], testException = [null], mergedContextConfiguration = [WebMergedContextConfiguration@6754ef00 testClass = GunhaApplicationTests, locations = '{}', classes = '{class teamproject.gunha.GunhaApplication}', contextInitializerClasses = '[]', activeProfiles = '{}', propertySourceLocations = '{}', propertySourceProperties = '{org.springframework.boot.test.context.SpringBootTestContextBootstrapper=true}', contextCustomizers = set[org.springframework.boot.test.autoconfigure.actuate.metrics.MetricsExportContextCustomizerFactory$DisableMetricExportContextCustomizer@57eda880, org.springframework.boot.test.autoconfigure.properties.PropertyMappingContextCustomizer@0, org.springframework.boot.test.autoconfigure.web.servlet.WebDriverContextCustomizerFactory$Customizer@338494fa, org.springframework.boot.test.context.filter.ExcludeFilterContextCustomizer@19ae6bb, org.springframework.boot.test.json.DuplicateJsonObjectContextCustomizerFactory$DuplicateJsonObjectContextCustomizer@2bb7bd00, org.springframework.boot.test.mock.mockito.MockitoContextCustomizer@0, org.springframework.boot.test.web.client.TestRestTemplateContextCustomizer@2e11485, org.springframework.boot.test.context.SpringBootTestArgs@1, org.springframework.boot.test.context.SpringBootTestWebEnvironment@2415fc55], resourceBasePath = 'src/main/webapp', contextLoader = 'org.springframework.boot.test.context.SpringBootContextLoader', parent = [null]], attributes = map['org.springframework.test.context.web.ServletTestExecutionListener.activateListener' -> true]], class annotated with @DirtiesContext [false] with mode [null].

  .   ____          _            __ _ _
 /\\ / ___'_ __ _ _(_)_ __  __ _ \ \ \ \
( ( )\___ | '_ | '_| | '_ \/ _` | \ \ \ \
 \\/  ___)| |_)| | | | | || (_| |  ) ) ) )
  '  |____| .__|_| |_|_| |_\__, | / / / /
 =========|_|==============|___/=/_/_/_/
 :: Spring Boot ::               (v2.7.14)

2023-08-22 12:50:20.507  INFO 16624 --- [    Test worker] teamproject.gunha.GunhaApplicationTests  : Starting GunhaApplicationTests using Java 11.0.19 on hoya with PID 16624 (started by jihyo in C:\utility\OTT)
2023-08-22 12:50:20.509  INFO 16624 --- [    Test worker] teamproject.gunha.GunhaApplicationTests  : No active profile set, falling back to 1 default profile: "default"
2023-08-22 12:50:21.331  INFO 16624 --- [    Test worker] .s.d.r.c.RepositoryConfigurationDelegate : Bootstrapping Spring Data JPA repositories in DEFAULT mode.
2023-08-22 12:50:21.352  INFO 16624 --- [    Test worker] .s.d.r.c.RepositoryConfigurationDelegate : Finished Spring Data repository scanning in 9 ms. Found 0 JPA repository interfaces.
2023-08-22 12:50:22.049  INFO 16624 --- [    Test worker] com.zaxxer.hikari.HikariDataSource       : HikariPool-1 - Starting...
2023-08-22 12:50:22.484  INFO 16624 --- [    Test worker] com.zaxxer.hikari.HikariDataSource       : HikariPool-1 - Start completed.
2023-08-22 12:50:22.555  INFO 16624 --- [    Test worker] o.hibernate.jpa.internal.util.LogHelper  : HHH000204: Processing PersistenceUnitInfo [name: default]
2023-08-22 12:50:22.632  INFO 16624 --- [    Test worker] org.hibernate.Version                    : HHH000412: Hibernate ORM core version 5.6.15.Final
2023-08-22 12:50:22.858  INFO 16624 --- [    Test worker] o.hibernate.annotations.common.Version   : HCANN000001: Hibernate Commons Annotations {5.1.2.Final}
2023-08-22 12:50:23.068  INFO 16624 --- [    Test worker] org.hibernate.dialect.Dialect            : HHH000400: Using dialect: org.hibernate.dialect.Oracle10gDialect
2023-08-22 12:50:23.498  INFO 16624 --- [    Test worker] o.h.e.t.j.p.i.JtaPlatformInitiator       : HHH000490: Using JtaPlatform implementation: [org.hibernate.engine.transaction.jta.platform.internal.NoJtaPlatform]
2023-08-22 12:50:23.515  INFO 16624 --- [    Test worker] j.LocalContainerEntityManagerFactoryBean : Initialized JPA EntityManagerFactory for persistence unit 'default'
2023-08-22 12:50:23.818  WARN 16624 --- [    Test worker] JpaBaseConfiguration$JpaWebConfiguration : spring.jpa.open-in-view is enabled by default. Therefore, database queries may be performed during view rendering. Explicitly configure spring.jpa.open-in-view to disable this warning
2023-08-22 12:50:24.291  INFO 16624 --- [    Test worker] o.s.b.a.w.s.WelcomePageHandlerMapping    : Adding welcome page template: index
2023-08-22 12:50:24.605  WARN 16624 --- [    Test worker] o.s.b.a.m.MustacheAutoConfiguration      : Cannot find template location: classpath:/templates/ (please add some templates, check your Mustache configuration, or set spring.mustache.check-template-location=false)
2023-08-22 12:50:24.913  INFO 16624 --- [    Test worker] teamproject.gunha.GunhaApplicationTests  : Started GunhaApplicationTests in 4.775 seconds (JVM running for 6.934)
]]></system-out>
  <system-err><![CDATA[]]></system-err>
</testsuite>
